<?xml version="1.0" encoding="UTF-8"?>
<!-- Generated by org.testng.reporters.JUnitXMLReporter -->
<testsuite ignored="0" hostname="DESKTOP-3UHIQMO" failures="0" tests="3" name="Default test" time="0.256" errors="0" timestamp="2023-07-17T08:23:59 IST">
  <testcase classname="dataprovider.Dataprovidersample" name="dataproviderdemo" time="0.019"/>
  <testcase classname="dataprovider.Dataprovidersample" name="dataproviderdemo" time="0.007"/>
  <testcase classname="dataprovider.Dataprovidersample" name="dataproviderdemo" time="0.04"/>
</testsuite> <!-- Default test -->
